# JRE version: OpenJDK Runtime Environment (15.0.2+7) (build 15.0.2+7-27)
# Java VM: OpenJDK 64-Bit Server VM (15.0.2+7-27, mixed mode, tiered, compressed oops, g1 gc, windows-amd64)
GC Precious Log:
 CPUs: 8 total, 8 available
 Memory: 11759M
 Large Page Support: Disabled
 NUMA Support: Disabled
 Compressed Oops: Enabled (Zero based)
 Heap Region Size: 2M
 Heap Min Capacity: 8M
 Heap Initial Capacity: 184M
 Heap Max Capacity: 2940M
 Pre-touch: Disabled
 Parallel Workers: 8
 Concurrent Workers: 2
 Concurrent Refinement Workers: 8
 Periodic GC: Disabled
Heap:
 garbage-first heap   total 59392K, used 14800K [0x0000000748400000, 0x0000000800000000)
  region size 2048K, 3 young (6144K), 2 survivors (4096K)
 Metaspace       used 35749K, capacity 36120K, committed 36432K, reserved 1081344K
  class space    used 4178K, capacity 4315K, committed 4352K, reserved 1048576K
GC Heap History (16 events):
Event: 0.723 GC heap before
{Heap before GC invocations=0 (full 0):
 garbage-first heap   total 188416K, used 20480K [0x0000000748400000, 0x0000000800000000)
  region size 2048K, 11 young (22528K), 0 survivors (0K)
 Metaspace       used 12580K, capacity 12784K, committed 12928K, reserved 1060864K
  class space    used 1287K, capacity 1336K, committed 1408K, reserved 1048576K
}
Event: 0.729 GC heap after
{Heap after GC invocations=1 (full 0):
 garbage-first heap   total 188416K, used 6182K [0x0000000748400000, 0x0000000800000000)
  region size 2048K, 2 young (4096K), 2 survivors (4096K)
 Metaspace       used 12580K, capacity 12784K, committed 12928K, reserved 1060864K
  class space    used 1287K, capacity 1336K, committed 1408K, reserved 1048576K
}
Event: 1.308 GC heap before
{Heap before GC invocations=1 (full 0):
 garbage-first heap   total 188416K, used 30758K [0x0000000748400000, 0x0000000800000000)
  region size 2048K, 14 young (28672K), 2 survivors (4096K)
 Metaspace       used 19543K, capacity 19737K, committed 19840K, reserved 1067008K
  class space    used 2108K, capacity 2159K, committed 2176K, reserved 1048576K
}
Event: 1.316 GC heap after
{Heap after GC invocations=2 (full 0):
 garbage-first heap   total 188416K, used 8580K [0x0000000748400000, 0x0000000800000000)
  region size 2048K, 2 young (4096K), 2 survivors (4096K)
 Metaspace       used 19543K, capacity 19737K, committed 19840K, reserved 1067008K
  class space    used 2108K, capacity 2159K, committed 2176K, reserved 1048576K
}
Event: 1.493 GC heap before
{Heap before GC invocations=2 (full 0):
 garbage-first heap   total 188416K, used 14724K [0x0000000748400000, 0x0000000800000000)
  region size 2048K, 6 young (12288K), 2 survivors (4096K)
 Metaspace       used 20959K, capacity 21167K, committed 21296K, reserved 1069056K
  class space    used 2333K, capacity 2400K, committed 2432K, reserved 1048576K
}
Event: 1.496 GC heap after
{Heap after GC invocations=3 (full 0):
 garbage-first heap   total 188416K, used 9060K [0x0000000748400000, 0x0000000800000000)
  region size 2048K, 2 young (4096K), 2 survivors (4096K)
 Metaspace       used 20959K, capacity 21167K, committed 21296K, reserved 1069056K
  class space    used 2333K, capacity 2400K, committed 2432K, reserved 1048576K
}
Event: 1.729 GC heap before
{Heap before GC invocations=4 (full 0):
 garbage-first heap   total 49152K, used 33636K [0x0000000748400000, 0x0000000800000000)
  region size 2048K, 14 young (28672K), 2 survivors (4096K)
 Metaspace       used 26582K, capacity 26809K, committed 27184K, reserved 1073152K
  class space    used 2993K, capacity 3087K, committed 3200K, reserved 1048576K
}
Event: 1.732 GC heap after
{Heap after GC invocations=5 (full 0):
 garbage-first heap   total 49152K, used 10012K [0x0000000748400000, 0x0000000800000000)
  region size 2048K, 1 young (2048K), 1 survivors (2048K)
 Metaspace       used 26582K, capacity 26809K, committed 27184K, reserved 1073152K
  class space    used 2993K, capacity 3087K, committed 3200K, reserved 1048576K
}
Event: 1.794 GC heap before
{Heap before GC invocations=5 (full 0):
 garbage-first heap   total 49152K, used 28444K [0x0000000748400000, 0x0000000800000000)
  region size 2048K, 11 young (22528K), 1 survivors (2048K)
 Metaspace       used 27307K, capacity 27562K, committed 27696K, reserved 1073152K
  class space    used 3106K, capacity 3190K, committed 3200K, reserved 1048576K
}
Event: 1.797 GC heap after
{Heap after GC invocations=6 (full 0):
 garbage-first heap   total 49152K, used 10722K [0x0000000748400000, 0x0000000800000000)
  region size 2048K, 2 young (4096K), 2 survivors (4096K)
 Metaspace       used 27307K, capacity 27562K, committed 27696K, reserved 1073152K
  class space    used 3106K, capacity 3190K, committed 3200K, reserved 1048576K
}
Event: 1.804 GC heap before
{Heap before GC invocations=6 (full 0):
 garbage-first heap   total 49152K, used 29154K [0x0000000748400000, 0x0000000800000000)
  region size 2048K, 12 young (24576K), 2 survivors (4096K)
 Metaspace       used 27349K, capacity 27594K, committed 27824K, reserved 1073152K
  class space    used 3112K, capacity 3222K, committed 3328K, reserved 1048576K
}
Event: 1.806 GC heap after
{Heap after GC invocations=7 (full 0):
 garbage-first heap   total 49152K, used 10755K [0x0000000748400000, 0x0000000800000000)
  region size 2048K, 1 young (2048K), 1 survivors (2048K)
 Metaspace       used 27349K, capacity 27594K, committed 27824K, reserved 1073152K
  class space    used 3112K, capacity 3222K, committed 3328K, reserved 1048576K
}
Event: 2.170 GC heap before
{Heap before GC invocations=7 (full 0):
 garbage-first heap   total 49152K, used 31235K [0x0000000748400000, 0x0000000800000000)
  region size 2048K, 11 young (22528K), 1 survivors (2048K)
 Metaspace       used 29207K, capacity 29495K, committed 29744K, reserved 1075200K
  class space    used 3306K, capacity 3380K, committed 3456K, reserved 1048576K
}
Event: 2.173 GC heap after
{Heap after GC invocations=8 (full 0):
 garbage-first heap   total 49152K, used 11888K [0x0000000748400000, 0x0000000800000000)
  region size 2048K, 2 young (4096K), 2 survivors (4096K)
 Metaspace       used 29207K, capacity 29495K, committed 29744K, reserved 1075200K
  class space    used 3306K, capacity 3380K, committed 3456K, reserved 1048576K
}
Event: 2.670 GC heap before
{Heap before GC invocations=8 (full 0):
 garbage-first heap   total 49152K, used 32368K [0x0000000748400000, 0x0000000800000000)
  region size 2048K, 12 young (24576K), 2 survivors (4096K)
 Metaspace       used 32369K, capacity 32704K, committed 33072K, reserved 1079296K
  class space    used 3736K, capacity 3847K, committed 3968K, reserved 1048576K
}
Event: 2.675 GC heap after
{Heap after GC invocations=9 (full 0):
 garbage-first heap   total 49152K, used 12807K [0x0000000748400000, 0x0000000800000000)
  region size 2048K, 2 young (4096K), 2 survivors (4096K)
 Metaspace       used 32369K, capacity 32704K, committed 33072K, reserved 1079296K
  class space    used 3736K, capacity 3847K, committed 3968K, reserved 1048576K
}

